<?xml version="1.0" encoding="UTF-8"?>
<!-- Generated by org.testng.reporters.JUnitReportReporter -->
<testsuite hostname="VSPL-QA-23" failures="0" tests="1" name="Testscripts.SearchNumberTest" time="5.239" errors="0" timestamp="2023-05-02T18:47:26 IST" skipped="0">
  <testcase classname="Testscripts.SearchNumberTest" name="verifySearchNumber" time="5.239"/>
  <system-out/>
</testsuite> <!-- Testscripts.SearchNumberTest -->
