<?xml version="1.0" encoding="UTF-8"?>
<!-- Generated by org.testng.reporters.JUnitReportReporter -->
<testsuite hostname="VSPL-QA-23" failures="0" tests="1" name="Testscripts.LoginTest" time="6.842" errors="0" timestamp="2023-05-02T22:26:35 IST" skipped="0">
  <testcase classname="Testscripts.LoginTest" name="verifySearch" time="6.842"/>
  <system-out/>
</testsuite> <!-- Testscripts.LoginTest -->
